c:\users\liamc\documents\github\gameengine\301cr renderer and ui sample\framework\framework\x64\debug\vc141.pdb
c:\users\liamc\documents\github\gameengine\301cr renderer and ui sample\framework\framework\x64\debug\vc141.idb
c:\users\liamc\documents\github\gameengine\301cr renderer and ui sample\framework\framework\x64\debug\renderer.obj
c:\users\liamc\documents\github\gameengine\301cr renderer and ui sample\framework\framework\x64\debug\physicssync.obj
c:\users\liamc\documents\github\gameengine\301cr renderer and ui sample\framework\framework\x64\debug\main.obj
c:\users\liamc\documents\github\gameengine\301cr renderer and ui sample\framework\framework\x64\debug\gameobject.obj
c:\users\liamc\documents\github\gameengine\301cr renderer and ui sample\framework\framework\x64\debug\gameevent.obj
c:\users\liamc\documents\github\gameengine\301cr renderer and ui sample\framework\framework\x64\debug\eventmove.obj
c:\users\liamc\documents\github\gameengine\301cr renderer and ui sample\framework\framework\x64\debug\game.obj
c:\users\liamc\documents\github\gameengine\301cr renderer and ui sample\framework\framework\x64\debug\wallobject.obj
c:\users\liamc\documents\github\gameengine\301cr renderer and ui sample\framework\framework\x64\debug\level.obj
c:\users\liamc\documents\github\gameengine\301cr renderer and ui sample\framework\x64\debug\framework.exe
c:\users\liamc\documents\github\gameengine\301cr renderer and ui sample\framework\x64\debug\framework.ilk
c:\users\liamc\documents\github\gameengine\301cr renderer and ui sample\framework\x64\debug\framework.pdb
c:\users\liamc\documents\github\gameengine\301cr renderer and ui sample\framework\framework\x64\debug\framework.tlog\cl.command.1.tlog
c:\users\liamc\documents\github\gameengine\301cr renderer and ui sample\framework\framework\x64\debug\framework.tlog\cl.read.1.tlog
c:\users\liamc\documents\github\gameengine\301cr renderer and ui sample\framework\framework\x64\debug\framework.tlog\cl.write.1.tlog
c:\users\liamc\documents\github\gameengine\301cr renderer and ui sample\framework\framework\x64\debug\framework.tlog\link.command.1.tlog
c:\users\liamc\documents\github\gameengine\301cr renderer and ui sample\framework\framework\x64\debug\framework.tlog\link.read.1.tlog
c:\users\liamc\documents\github\gameengine\301cr renderer and ui sample\framework\framework\x64\debug\framework.tlog\link.write.1.tlog
